2022-09-10 18:41:53 INFO  DriverClass:38 - Open Browser
2022-09-10 18:41:53 INFO  DriverClass:40 - Maximize window size
2022-09-10 18:41:53 INFO  DriverClass:113 - Sleeping for 1000 ms
2022-09-10 18:41:54 INFO  DriverClass:113 - Sleeping for 500 ms
2022-09-10 18:41:55 INFO  DriverClass:113 - Sleeping for 1000 ms
2022-09-10 18:41:56 INFO  DriverClass:113 - Sleeping for 500 ms
2022-09-10 18:41:56 INFO  DriverClass:113 - Sleeping for 1000 ms
2022-09-10 18:41:57 INFO  DriverClass:113 - Sleeping for 500 ms
2022-09-10 18:41:58 INFO  DriverClass:113 - Sleeping for 1000 ms
2022-09-10 18:41:59 INFO  DriverClass:113 - Sleeping for 500 ms
2022-09-10 18:42:00 INFO  DriverClass:113 - Sleeping for 1000 ms
2022-09-10 18:42:01 INFO  DriverClass:113 - Sleeping for 500 ms
2022-09-10 18:42:04 INFO  DriverClass:113 - Sleeping for 1000 ms
2022-09-10 18:42:05 INFO  DriverClass:113 - Sleeping for 1000 ms
2022-09-10 18:42:07 INFO  DriverClass:113 - Sleeping for 1000 ms
2022-09-10 18:42:16 INFO  DriverClass:113 - Sleeping for 1000 ms
2022-09-10 18:42:17 INFO  DriverClass:113 - Sleeping for 1000 ms
2022-09-10 18:42:20 INFO  DriverClass:113 - Sleeping for 1000 ms
2022-09-10 18:46:42 INFO  DriverClass:38 - Open Browser
2022-09-10 18:46:43 INFO  DriverClass:40 - Maximize window size
2022-09-10 18:46:43 INFO  DriverClass:23 - Check the user is on main pager or not
2022-09-10 18:46:43 INFO  DriverClass:30 - Search for 'şort' word
2022-09-10 18:46:43 INFO  DriverClass:113 - Sleeping for 1000 ms
2022-09-10 18:46:44 INFO  DriverClass:113 - Sleeping for 500 ms
2022-09-10 18:46:44 INFO  DriverClass:113 - Sleeping for 1000 ms
2022-09-10 18:46:45 INFO  DriverClass:113 - Sleeping for 500 ms
2022-09-10 18:46:46 INFO  DriverClass:113 - Sleeping for 1000 ms
2022-09-10 18:46:47 INFO  DriverClass:113 - Sleeping for 500 ms
2022-09-10 18:46:47 INFO  DriverClass:36 - Search for 'gömlek' word
2022-09-10 18:46:47 INFO  DriverClass:113 - Sleeping for 1000 ms
2022-09-10 18:46:48 INFO  DriverClass:113 - Sleeping for 500 ms
2022-09-10 18:46:49 INFO  DriverClass:113 - Sleeping for 1000 ms
2022-09-10 18:46:50 INFO  DriverClass:113 - Sleeping for 500 ms
2022-09-10 18:46:53 INFO  DriverClass:113 - Sleeping for 1000 ms
2022-09-10 18:46:54 INFO  DriverClass:22 - Select item
2022-09-10 18:46:54 INFO  DriverClass:30 - Get item information
2022-09-10 18:46:55 INFO  DriverClass:113 - Sleeping for 1000 ms
2022-09-10 18:46:56 INFO  DriverClass:38 - Add item to basket
2022-09-10 18:46:56 INFO  DriverClass:113 - Sleeping for 1000 ms
2022-09-10 18:47:03 INFO  DriverClass:113 - Sleeping for 1000 ms
2022-09-10 18:47:04 INFO  DriverClass:20 - Open Basket
2022-09-10 18:47:04 INFO  DriverClass:113 - Sleeping for 1000 ms
2022-09-10 18:47:05 INFO  DriverClass:29 - Add one more item
2022-09-10 18:47:07 INFO  DriverClass:113 - Sleeping for 1000 ms
2022-09-10 18:47:08 INFO  DriverClass:39 - Delete all item from basket
2022-09-10 23:06:57 INFO  DriverClass:38 - Open Browser
2022-09-10 23:06:57 INFO  DriverClass:40 - Maximize window size
2022-09-10 23:06:57 INFO  DriverClass:23 - Check the user is on main pager or not
2022-09-10 23:06:57 INFO  DriverClass:30 - Search for 'şort' word
2022-09-10 23:06:57 INFO  DriverClass:113 - Sleeping for 1000 ms
2022-09-10 23:06:58 INFO  DriverClass:113 - Sleeping for 500 ms
2022-09-10 23:06:59 INFO  DriverClass:113 - Sleeping for 1000 ms
2022-09-10 23:07:00 INFO  DriverClass:113 - Sleeping for 500 ms
2022-09-10 23:07:00 INFO  DriverClass:113 - Sleeping for 1000 ms
2022-09-10 23:07:01 INFO  DriverClass:113 - Sleeping for 500 ms
2022-09-10 23:07:02 INFO  DriverClass:36 - Search for 'gömlek' word
2022-09-10 23:07:02 INFO  DriverClass:113 - Sleeping for 1000 ms
2022-09-10 23:07:03 INFO  DriverClass:113 - Sleeping for 500 ms
2022-09-10 23:07:03 INFO  DriverClass:113 - Sleeping for 1000 ms
2022-09-10 23:07:04 INFO  DriverClass:113 - Sleeping for 500 ms
2022-09-10 23:07:08 INFO  DriverClass:113 - Sleeping for 1000 ms
2022-09-10 23:07:09 INFO  DriverClass:22 - Select item
2022-09-10 23:07:09 INFO  DriverClass:30 - Get item information
2022-09-10 23:07:09 INFO  DriverClass:113 - Sleeping for 1000 ms
2022-09-10 23:07:10 INFO  DriverClass:38 - Add item to basket
2022-09-10 23:07:10 INFO  DriverClass:113 - Sleeping for 1000 ms
2022-09-10 23:07:18 INFO  DriverClass:113 - Sleeping for 1000 ms
2022-09-10 23:07:19 INFO  DriverClass:20 - Open Basket
2022-09-10 23:07:19 INFO  DriverClass:113 - Sleeping for 1000 ms
2022-09-10 23:07:20 INFO  DriverClass:29 - Add one more item
2022-09-10 23:10:00 INFO  DriverClass:38 - Open Browser
2022-09-10 23:10:00 INFO  DriverClass:40 - Maximize window size
2022-09-10 23:10:00 INFO  DriverClass:23 - Check the user is on main pager or not
2022-09-10 23:10:00 INFO  DriverClass:30 - Search for 'şort' word
2022-09-10 23:10:00 INFO  DriverClass:113 - Sleeping for 1000 ms
2022-09-10 23:10:01 INFO  DriverClass:113 - Sleeping for 500 ms
2022-09-10 23:10:02 INFO  DriverClass:113 - Sleeping for 1000 ms
2022-09-10 23:10:03 INFO  DriverClass:113 - Sleeping for 500 ms
2022-09-10 23:10:03 INFO  DriverClass:113 - Sleeping for 1000 ms
2022-09-10 23:10:05 INFO  DriverClass:113 - Sleeping for 500 ms
2022-09-10 23:10:05 INFO  DriverClass:36 - Search for 'gömlek' word
2022-09-10 23:10:05 INFO  DriverClass:113 - Sleeping for 1000 ms
2022-09-10 23:10:06 INFO  DriverClass:113 - Sleeping for 500 ms
2022-09-10 23:10:07 INFO  DriverClass:113 - Sleeping for 1000 ms
2022-09-10 23:10:08 INFO  DriverClass:113 - Sleeping for 500 ms
2022-09-10 23:10:11 INFO  DriverClass:113 - Sleeping for 1000 ms
2022-09-10 23:10:12 INFO  DriverClass:22 - Select item
2022-09-10 23:10:12 INFO  DriverClass:30 - Get item information
2022-09-10 23:10:12 INFO  DriverClass:113 - Sleeping for 1000 ms
2022-09-10 23:10:13 INFO  DriverClass:38 - Add item to basket
2022-09-10 23:10:13 INFO  DriverClass:113 - Sleeping for 1000 ms
2022-09-10 23:10:21 INFO  DriverClass:113 - Sleeping for 1000 ms
2022-09-10 23:10:22 INFO  DriverClass:20 - Open Basket
2022-09-10 23:10:22 INFO  DriverClass:113 - Sleeping for 1000 ms
2022-09-10 23:10:23 INFO  DriverClass:29 - Add one more item
2022-09-10 23:11:32 INFO  DriverClass:38 - Open Browser
2022-09-10 23:11:32 INFO  DriverClass:40 - Maximize window size
2022-09-10 23:11:33 INFO  DriverClass:23 - Check the user is on main pager or not
2022-09-10 23:11:33 INFO  DriverClass:30 - Search for 'şort' word
2022-09-10 23:11:33 INFO  DriverClass:113 - Sleeping for 1000 ms
2022-09-10 23:11:34 INFO  DriverClass:113 - Sleeping for 500 ms
2022-09-10 23:11:34 INFO  DriverClass:113 - Sleeping for 1000 ms
2022-09-10 23:11:35 INFO  DriverClass:113 - Sleeping for 500 ms
2022-09-10 23:11:36 INFO  DriverClass:113 - Sleeping for 1000 ms
2022-09-10 23:11:37 INFO  DriverClass:113 - Sleeping for 500 ms
2022-09-10 23:11:37 INFO  DriverClass:36 - Search for 'gömlek' word
2022-09-10 23:11:37 INFO  DriverClass:113 - Sleeping for 1000 ms
2022-09-10 23:11:38 INFO  DriverClass:113 - Sleeping for 500 ms
2022-09-10 23:11:39 INFO  DriverClass:113 - Sleeping for 1000 ms
2022-09-10 23:11:40 INFO  DriverClass:113 - Sleeping for 500 ms
2022-09-10 23:11:43 INFO  DriverClass:113 - Sleeping for 1000 ms
2022-09-10 23:11:44 INFO  DriverClass:22 - Select item
2022-09-10 23:11:44 INFO  DriverClass:30 - Get item information
2022-09-10 23:11:44 INFO  DriverClass:113 - Sleeping for 1000 ms
2022-09-10 23:11:45 INFO  DriverClass:38 - Add item to basket
2022-09-10 23:11:45 INFO  DriverClass:113 - Sleeping for 1000 ms
2022-09-10 23:11:53 INFO  DriverClass:113 - Sleeping for 1000 ms
2022-09-10 23:11:54 INFO  DriverClass:20 - Open Basket
2022-09-10 23:11:54 INFO  DriverClass:113 - Sleeping for 1000 ms
2022-09-10 23:11:55 INFO  DriverClass:29 - Add one more item
2022-09-10 23:14:56 INFO  DriverClass:38 - Open Browser
2022-09-10 23:14:56 INFO  DriverClass:40 - Maximize window size
2022-09-10 23:14:57 INFO  DriverClass:23 - Check the user is on main pager or not
2022-09-10 23:14:57 INFO  DriverClass:30 - Search for 'şort' word
2022-09-10 23:14:57 INFO  DriverClass:113 - Sleeping for 1000 ms
2022-09-10 23:14:58 INFO  DriverClass:113 - Sleeping for 500 ms
2022-09-10 23:14:58 INFO  DriverClass:113 - Sleeping for 1000 ms
2022-09-10 23:14:59 INFO  DriverClass:113 - Sleeping for 500 ms
2022-09-10 23:15:00 INFO  DriverClass:113 - Sleeping for 1000 ms
2022-09-10 23:15:01 INFO  DriverClass:113 - Sleeping for 500 ms
2022-09-10 23:15:01 INFO  DriverClass:36 - Search for 'gömlek' word
2022-09-10 23:15:01 INFO  DriverClass:113 - Sleeping for 1000 ms
2022-09-10 23:15:02 INFO  DriverClass:113 - Sleeping for 500 ms
2022-09-10 23:15:03 INFO  DriverClass:113 - Sleeping for 1000 ms
2022-09-10 23:15:04 INFO  DriverClass:113 - Sleeping for 500 ms
2022-09-10 23:15:07 INFO  DriverClass:113 - Sleeping for 1000 ms
2022-09-10 23:15:08 INFO  DriverClass:22 - Select item
2022-09-10 23:15:08 INFO  DriverClass:30 - Get item information
2022-09-10 23:15:08 INFO  DriverClass:113 - Sleeping for 1000 ms
2022-09-10 23:15:09 INFO  DriverClass:38 - Add item to basket
2022-09-10 23:15:09 INFO  DriverClass:113 - Sleeping for 1000 ms
2022-09-10 23:15:17 INFO  DriverClass:113 - Sleeping for 1000 ms
2022-09-10 23:15:18 INFO  DriverClass:20 - Open Basket
2022-09-10 23:15:18 INFO  DriverClass:113 - Sleeping for 1000 ms
2022-09-10 23:15:19 INFO  DriverClass:29 - Add one more item
2022-09-10 23:21:11 INFO  DriverClass:38 - Open Browser
2022-09-10 23:21:11 INFO  DriverClass:40 - Maximize window size
2022-09-10 23:21:12 INFO  DriverClass:23 - Check the user is on main pager or not
2022-09-10 23:21:12 INFO  DriverClass:30 - Search for 'şort' word
2022-09-10 23:21:12 INFO  DriverClass:113 - Sleeping for 1000 ms
2022-09-10 23:21:13 INFO  DriverClass:113 - Sleeping for 500 ms
2022-09-10 23:21:13 INFO  DriverClass:113 - Sleeping for 1000 ms
2022-09-10 23:21:14 INFO  DriverClass:113 - Sleeping for 500 ms
2022-09-10 23:21:15 INFO  DriverClass:113 - Sleeping for 1000 ms
2022-09-10 23:21:16 INFO  DriverClass:113 - Sleeping for 500 ms
2022-09-10 23:21:16 INFO  DriverClass:36 - Search for 'gömlek' word
2022-09-10 23:21:16 INFO  DriverClass:113 - Sleeping for 1000 ms
2022-09-10 23:21:17 INFO  DriverClass:113 - Sleeping for 500 ms
2022-09-10 23:21:18 INFO  DriverClass:113 - Sleeping for 1000 ms
2022-09-10 23:21:19 INFO  DriverClass:113 - Sleeping for 500 ms
2022-09-10 23:21:22 INFO  DriverClass:113 - Sleeping for 1000 ms
2022-09-10 23:21:23 INFO  DriverClass:22 - Select item
2022-09-10 23:21:23 INFO  DriverClass:30 - Get item information
2022-09-10 23:21:23 INFO  DriverClass:113 - Sleeping for 1000 ms
2022-09-10 23:21:24 INFO  DriverClass:38 - Add item to basket
2022-09-10 23:21:24 INFO  DriverClass:113 - Sleeping for 1000 ms
2022-09-10 23:21:31 INFO  DriverClass:113 - Sleeping for 1000 ms
2022-09-10 23:21:32 INFO  DriverClass:23 - Open Basket
2022-09-10 23:21:32 INFO  DriverClass:113 - Sleeping for 1000 ms
2022-09-10 23:21:33 INFO  DriverClass:32 - Add one more item
2022-09-10 23:24:54 INFO  DriverClass:38 - Open Browser
2022-09-10 23:24:55 INFO  DriverClass:40 - Maximize window size
2022-09-10 23:24:55 INFO  DriverClass:23 - Check the user is on main pager or not
2022-09-10 23:24:55 INFO  DriverClass:30 - Search for 'şort' word
2022-09-10 23:24:55 INFO  DriverClass:113 - Sleeping for 1000 ms
2022-09-10 23:24:56 INFO  DriverClass:113 - Sleeping for 500 ms
2022-09-10 23:24:56 INFO  DriverClass:113 - Sleeping for 1000 ms
2022-09-10 23:24:57 INFO  DriverClass:113 - Sleeping for 500 ms
2022-09-10 23:24:58 INFO  DriverClass:113 - Sleeping for 1000 ms
2022-09-10 23:24:59 INFO  DriverClass:113 - Sleeping for 500 ms
2022-09-10 23:25:00 INFO  DriverClass:36 - Search for 'gömlek' word
2022-09-10 23:25:00 INFO  DriverClass:113 - Sleeping for 1000 ms
2022-09-10 23:25:01 INFO  DriverClass:113 - Sleeping for 500 ms
2022-09-10 23:25:01 INFO  DriverClass:113 - Sleeping for 1000 ms
2022-09-10 23:25:02 INFO  DriverClass:113 - Sleeping for 500 ms
2022-09-10 23:25:05 INFO  DriverClass:113 - Sleeping for 1000 ms
2022-09-10 23:25:06 INFO  DriverClass:22 - Select item
2022-09-10 23:25:06 INFO  DriverClass:30 - Get item information
2022-09-10 23:25:06 INFO  DriverClass:113 - Sleeping for 1000 ms
2022-09-10 23:25:07 INFO  DriverClass:38 - Add item to basket
2022-09-10 23:25:07 INFO  DriverClass:113 - Sleeping for 1000 ms
2022-09-10 23:25:17 INFO  DriverClass:113 - Sleeping for 1000 ms
2022-09-10 23:25:18 INFO  DriverClass:23 - Open Basket
2022-09-10 23:25:18 INFO  DriverClass:113 - Sleeping for 1000 ms
2022-09-10 23:25:19 INFO  DriverClass:32 - Add one more item
2022-09-10 23:27:14 INFO  DriverClass:38 - Open Browser
2022-09-10 23:27:14 INFO  DriverClass:40 - Maximize window size
2022-09-10 23:27:14 INFO  DriverClass:23 - Check the user is on main pager or not
2022-09-10 23:27:14 INFO  DriverClass:30 - Search for 'şort' word
2022-09-10 23:27:14 INFO  DriverClass:113 - Sleeping for 1000 ms
2022-09-10 23:27:15 INFO  DriverClass:113 - Sleeping for 500 ms
2022-09-10 23:27:16 INFO  DriverClass:113 - Sleeping for 1000 ms
2022-09-10 23:27:17 INFO  DriverClass:113 - Sleeping for 500 ms
2022-09-10 23:27:17 INFO  DriverClass:113 - Sleeping for 1000 ms
2022-09-10 23:27:18 INFO  DriverClass:113 - Sleeping for 500 ms
2022-09-10 23:27:19 INFO  DriverClass:36 - Search for 'gömlek' word
2022-09-10 23:27:19 INFO  DriverClass:113 - Sleeping for 1000 ms
2022-09-10 23:27:20 INFO  DriverClass:113 - Sleeping for 500 ms
2022-09-10 23:27:20 INFO  DriverClass:113 - Sleeping for 1000 ms
2022-09-10 23:27:21 INFO  DriverClass:113 - Sleeping for 500 ms
2022-09-10 23:27:25 INFO  DriverClass:113 - Sleeping for 1000 ms
2022-09-10 23:27:26 INFO  DriverClass:22 - Select item
2022-09-10 23:27:26 INFO  DriverClass:30 - Get item information
2022-09-10 23:27:26 INFO  DriverClass:113 - Sleeping for 1000 ms
2022-09-10 23:27:27 INFO  DriverClass:38 - Add item to basket
2022-09-10 23:27:27 INFO  DriverClass:113 - Sleeping for 1000 ms
2022-09-10 23:27:34 INFO  DriverClass:113 - Sleeping for 1000 ms
2022-09-10 23:27:35 INFO  DriverClass:23 - Open Basket
2022-09-10 23:27:35 INFO  DriverClass:113 - Sleeping for 1000 ms
2022-09-10 23:27:36 INFO  DriverClass:32 - Add one more item
2022-09-10 23:28:38 INFO  DriverClass:38 - Open Browser
2022-09-10 23:28:39 INFO  DriverClass:40 - Maximize window size
2022-09-10 23:28:39 INFO  DriverClass:23 - Check the user is on main pager or not
2022-09-10 23:28:39 INFO  DriverClass:30 - Search for 'şort' word
2022-09-10 23:28:39 INFO  DriverClass:113 - Sleeping for 1000 ms
2022-09-10 23:28:40 INFO  DriverClass:113 - Sleeping for 500 ms
2022-09-10 23:28:40 INFO  DriverClass:113 - Sleeping for 1000 ms
2022-09-10 23:28:41 INFO  DriverClass:113 - Sleeping for 500 ms
2022-09-10 23:28:42 INFO  DriverClass:113 - Sleeping for 1000 ms
2022-09-10 23:28:43 INFO  DriverClass:113 - Sleeping for 500 ms
2022-09-10 23:28:43 INFO  DriverClass:36 - Search for 'gömlek' word
2022-09-10 23:28:43 INFO  DriverClass:113 - Sleeping for 1000 ms
2022-09-10 23:28:45 INFO  DriverClass:113 - Sleeping for 500 ms
2022-09-10 23:28:45 INFO  DriverClass:113 - Sleeping for 1000 ms
2022-09-10 23:28:46 INFO  DriverClass:113 - Sleeping for 500 ms
2022-09-10 23:28:50 INFO  DriverClass:113 - Sleeping for 1000 ms
2022-09-10 23:28:51 INFO  DriverClass:22 - Select item
2022-09-10 23:28:51 INFO  DriverClass:30 - Get item information
2022-09-10 23:28:51 INFO  DriverClass:113 - Sleeping for 1000 ms
2022-09-10 23:28:52 INFO  DriverClass:38 - Add item to basket
2022-09-10 23:28:52 INFO  DriverClass:113 - Sleeping for 1000 ms
2022-09-10 23:28:59 INFO  DriverClass:113 - Sleeping for 1000 ms
2022-09-10 23:29:00 INFO  DriverClass:23 - Open Basket
2022-09-10 23:29:00 INFO  DriverClass:113 - Sleeping for 1000 ms
2022-09-10 23:29:01 INFO  DriverClass:32 - Add one more item
2022-09-10 23:30:53 INFO  DriverClass:38 - Open Browser
2022-09-10 23:30:53 INFO  DriverClass:40 - Maximize window size
2022-09-10 23:30:53 INFO  DriverClass:23 - Check the user is on main pager or not
2022-09-10 23:30:53 INFO  DriverClass:30 - Search for 'şort' word
2022-09-10 23:30:53 INFO  DriverClass:113 - Sleeping for 1000 ms
2022-09-10 23:30:54 INFO  DriverClass:113 - Sleeping for 500 ms
2022-09-10 23:30:55 INFO  DriverClass:113 - Sleeping for 1000 ms
2022-09-10 23:30:56 INFO  DriverClass:113 - Sleeping for 500 ms
2022-09-10 23:30:56 INFO  DriverClass:113 - Sleeping for 1000 ms
2022-09-10 23:30:57 INFO  DriverClass:113 - Sleeping for 500 ms
2022-09-10 23:30:58 INFO  DriverClass:36 - Search for 'gömlek' word
2022-09-10 23:30:58 INFO  DriverClass:113 - Sleeping for 1000 ms
2022-09-10 23:30:59 INFO  DriverClass:113 - Sleeping for 500 ms
2022-09-10 23:30:59 INFO  DriverClass:113 - Sleeping for 1000 ms
2022-09-10 23:31:01 INFO  DriverClass:113 - Sleeping for 500 ms
2022-09-10 23:31:04 INFO  DriverClass:113 - Sleeping for 1000 ms
2022-09-10 23:31:05 INFO  DriverClass:22 - Select item
2022-09-10 23:31:05 INFO  DriverClass:30 - Get item information
2022-09-10 23:31:05 INFO  DriverClass:113 - Sleeping for 1000 ms
2022-09-10 23:31:06 INFO  DriverClass:38 - Add item to basket
2022-09-10 23:31:06 INFO  DriverClass:113 - Sleeping for 1000 ms
2022-09-10 23:31:13 INFO  DriverClass:113 - Sleeping for 1000 ms
2022-09-10 23:31:14 INFO  DriverClass:23 - Open Basket
2022-09-10 23:31:14 INFO  DriverClass:113 - Sleeping for 1000 ms
2022-09-10 23:31:15 INFO  DriverClass:32 - Add one more item
2022-09-10 23:40:41 INFO  DriverClass:38 - Open Browser
2022-09-10 23:40:41 INFO  DriverClass:40 - Maximize window size
2022-09-10 23:40:41 INFO  DriverClass:23 - Check the user is on main pager or not
2022-09-10 23:40:41 INFO  DriverClass:30 - Search for 'şort' word
2022-09-10 23:40:41 INFO  DriverClass:113 - Sleeping for 1000 ms
2022-09-10 23:40:42 INFO  DriverClass:113 - Sleeping for 500 ms
2022-09-10 23:40:43 INFO  DriverClass:113 - Sleeping for 1000 ms
2022-09-10 23:40:44 INFO  DriverClass:113 - Sleeping for 500 ms
2022-09-10 23:40:44 INFO  DriverClass:113 - Sleeping for 1000 ms
2022-09-10 23:40:46 INFO  DriverClass:113 - Sleeping for 500 ms
2022-09-10 23:40:46 INFO  DriverClass:36 - Search for 'gömlek' word
2022-09-10 23:40:46 INFO  DriverClass:113 - Sleeping for 1000 ms
2022-09-10 23:40:47 INFO  DriverClass:113 - Sleeping for 500 ms
2022-09-10 23:40:48 INFO  DriverClass:113 - Sleeping for 1000 ms
2022-09-10 23:40:49 INFO  DriverClass:113 - Sleeping for 500 ms
2022-09-10 23:41:07 INFO  DriverClass:38 - Open Browser
2022-09-10 23:41:07 INFO  DriverClass:40 - Maximize window size
2022-09-10 23:41:07 INFO  DriverClass:23 - Check the user is on main pager or not
2022-09-10 23:41:07 INFO  DriverClass:30 - Search for 'şort' word
2022-09-10 23:41:07 INFO  DriverClass:113 - Sleeping for 1000 ms
2022-09-10 23:41:08 INFO  DriverClass:113 - Sleeping for 500 ms
2022-09-10 23:41:09 INFO  DriverClass:113 - Sleeping for 1000 ms
2022-09-10 23:41:10 INFO  DriverClass:113 - Sleeping for 500 ms
2022-09-10 23:41:10 INFO  DriverClass:113 - Sleeping for 1000 ms
2022-09-10 23:41:11 INFO  DriverClass:113 - Sleeping for 500 ms
2022-09-10 23:41:12 INFO  DriverClass:36 - Search for 'gömlek' word
2022-09-10 23:41:12 INFO  DriverClass:113 - Sleeping for 1000 ms
2022-09-10 23:41:13 INFO  DriverClass:113 - Sleeping for 500 ms
2022-09-10 23:41:14 INFO  DriverClass:113 - Sleeping for 1000 ms
2022-09-10 23:41:15 INFO  DriverClass:113 - Sleeping for 500 ms
2022-09-10 23:41:18 INFO  DriverClass:113 - Sleeping for 1000 ms
2022-09-10 23:41:19 INFO  DriverClass:22 - Select item
2022-09-10 23:41:19 INFO  DriverClass:30 - Get item information
2022-09-10 23:41:19 INFO  DriverClass:113 - Sleeping for 1000 ms
2022-09-10 23:41:20 INFO  DriverClass:38 - Add item to basket
2022-09-10 23:41:20 INFO  DriverClass:113 - Sleeping for 1000 ms
2022-09-10 23:41:27 INFO  DriverClass:113 - Sleeping for 1000 ms
2022-09-10 23:41:28 INFO  DriverClass:24 - Open Basket
2022-09-10 23:41:28 INFO  DriverClass:113 - Sleeping for 1000 ms
2022-09-10 23:41:29 INFO  DriverClass:33 - Add one more item
2022-09-10 23:41:31 INFO  DriverClass:113 - Sleeping for 1000 ms
2022-09-10 23:41:32 INFO  DriverClass:45 - Delete all item from basket
2022-09-10 23:46:01 INFO  DriverClass:38 - Open Browser
2022-09-10 23:46:01 INFO  DriverClass:40 - Maximize window size
2022-09-10 23:46:01 INFO  DriverClass:23 - Check the user is on main pager or not
2022-09-10 23:46:01 INFO  DriverClass:30 - Search for 'şort' word
2022-09-10 23:46:01 INFO  DriverClass:113 - Sleeping for 1000 ms
2022-09-10 23:46:02 INFO  DriverClass:113 - Sleeping for 500 ms
2022-09-10 23:46:03 INFO  DriverClass:113 - Sleeping for 1000 ms
2022-09-10 23:46:04 INFO  DriverClass:113 - Sleeping for 500 ms
2022-09-10 23:46:04 INFO  DriverClass:113 - Sleeping for 1000 ms
2022-09-10 23:46:06 INFO  DriverClass:113 - Sleeping for 500 ms
2022-09-10 23:46:08 INFO  DriverClass:37 - Search for 'gömlek' word
2022-09-10 23:46:08 INFO  DriverClass:113 - Sleeping for 1000 ms
2022-09-10 23:46:09 INFO  DriverClass:113 - Sleeping for 500 ms
2022-09-10 23:46:10 INFO  DriverClass:113 - Sleeping for 1000 ms
2022-09-10 23:46:11 INFO  DriverClass:113 - Sleeping for 500 ms
2022-09-10 23:46:14 INFO  DriverClass:113 - Sleeping for 1000 ms
2022-09-10 23:46:15 INFO  DriverClass:22 - Select item
2022-09-10 23:46:15 INFO  DriverClass:30 - Get item information
2022-09-10 23:46:15 INFO  DriverClass:113 - Sleeping for 1000 ms
2022-09-10 23:46:16 INFO  DriverClass:38 - Add item to basket
2022-09-10 23:46:16 INFO  DriverClass:113 - Sleeping for 1000 ms
2022-09-10 23:46:29 INFO  DriverClass:113 - Sleeping for 1000 ms
2022-09-10 23:46:30 INFO  DriverClass:24 - Open Basket
2022-09-10 23:46:30 INFO  DriverClass:113 - Sleeping for 1000 ms
2022-09-10 23:46:31 INFO  DriverClass:33 - Add one more item
2022-09-10 23:46:33 INFO  DriverClass:113 - Sleeping for 1000 ms
2022-09-10 23:46:34 INFO  DriverClass:45 - Delete all item from basket
2022-09-10 23:49:43 INFO  DriverClass:38 - Open Browser
2022-09-10 23:49:43 INFO  DriverClass:40 - Maximize window size
2022-09-10 23:49:43 INFO  DriverClass:23 - Check the user is on main pager or not
2022-09-10 23:49:43 INFO  DriverClass:30 - Search for 'şort' word
2022-09-10 23:49:43 INFO  DriverClass:113 - Sleeping for 1000 ms
2022-09-10 23:49:44 INFO  DriverClass:113 - Sleeping for 500 ms
2022-09-10 23:49:44 INFO  DriverClass:113 - Sleeping for 1000 ms
2022-09-10 23:49:46 INFO  DriverClass:113 - Sleeping for 500 ms
2022-09-10 23:49:46 INFO  DriverClass:113 - Sleeping for 1000 ms
2022-09-10 23:49:47 INFO  DriverClass:113 - Sleeping for 500 ms
2022-09-10 23:49:50 INFO  DriverClass:37 - Search for 'gömlek' word
2022-09-10 23:49:50 INFO  DriverClass:113 - Sleeping for 1000 ms
2022-09-10 23:49:51 INFO  DriverClass:113 - Sleeping for 500 ms
2022-09-10 23:49:51 INFO  DriverClass:113 - Sleeping for 1000 ms
2022-09-10 23:49:52 INFO  DriverClass:113 - Sleeping for 500 ms
2022-09-10 23:49:55 INFO  DriverClass:113 - Sleeping for 1000 ms
2022-09-10 23:49:56 INFO  DriverClass:22 - Select item
2022-09-10 23:49:56 INFO  DriverClass:30 - Get item information
2022-09-10 23:49:57 INFO  DriverClass:113 - Sleeping for 1000 ms
2022-09-10 23:49:58 INFO  DriverClass:38 - Add item to basket
2022-09-10 23:49:58 INFO  DriverClass:113 - Sleeping for 1000 ms
2022-09-10 23:50:04 INFO  DriverClass:113 - Sleeping for 1000 ms
2022-09-10 23:50:05 INFO  DriverClass:24 - Open Basket
2022-09-10 23:50:05 INFO  DriverClass:113 - Sleeping for 1000 ms
2022-09-10 23:50:06 INFO  DriverClass:33 - Add one more item
2022-09-10 23:50:09 INFO  DriverClass:113 - Sleeping for 1000 ms
2022-09-10 23:50:10 INFO  DriverClass:43 - Delete all item from basket
2022-09-11 21:01:22 INFO  DriverClass:38 - Open Browser
2022-09-11 21:01:22 INFO  DriverClass:40 - Maximize window size
2022-09-11 21:01:22 INFO  DriverClass:23 - Check the user is on main pager or not
2022-09-11 21:01:22 INFO  DriverClass:30 - Search for 'şort' word
2022-09-11 21:01:22 INFO  DriverClass:113 - Sleeping for 1000 ms
2022-09-11 21:01:24 INFO  DriverClass:113 - Sleeping for 500 ms
2022-09-11 21:01:24 INFO  DriverClass:113 - Sleeping for 1000 ms
2022-09-11 21:01:25 INFO  DriverClass:113 - Sleeping for 500 ms
2022-09-11 21:01:26 INFO  DriverClass:113 - Sleeping for 1000 ms
2022-09-11 21:01:27 INFO  DriverClass:113 - Sleeping for 500 ms
2022-09-11 21:01:28 INFO  DriverClass:37 - Search for 'gömlek' word
2022-09-11 21:01:28 INFO  DriverClass:113 - Sleeping for 1000 ms
2022-09-11 21:01:29 INFO  DriverClass:113 - Sleeping for 500 ms
2022-09-11 21:01:30 INFO  DriverClass:113 - Sleeping for 1000 ms
2022-09-11 21:01:31 INFO  DriverClass:113 - Sleeping for 500 ms
2022-09-11 21:01:34 INFO  DriverClass:113 - Sleeping for 1000 ms
2022-09-11 21:01:35 INFO  DriverClass:22 - Select item
2022-09-11 21:01:35 INFO  DriverClass:30 - Get item information
2022-09-11 21:01:35 INFO  DriverClass:113 - Sleeping for 1000 ms
2022-09-11 21:01:36 INFO  DriverClass:38 - Add item to basket
2022-09-11 21:01:36 INFO  DriverClass:113 - Sleeping for 1000 ms
2022-09-11 21:01:48 INFO  DriverClass:113 - Sleeping for 1000 ms
2022-09-11 21:01:49 INFO  DriverClass:24 - Open Basket
2022-09-11 21:01:49 INFO  DriverClass:113 - Sleeping for 1000 ms
2022-09-11 21:01:50 INFO  DriverClass:33 - Add one more item
2022-09-11 21:01:52 INFO  DriverClass:113 - Sleeping for 1000 ms
2022-09-11 21:01:53 INFO  DriverClass:43 - Delete all item from basket
